2026/05/25 08:51:30 [notice] 1#1: using the "epoll" event method
2026/05/25 08:51:30 [notice] 1#1: nginx/1.30.2
2026/05/25 08:51:30 [notice] 1#1: built by gcc 15.2.0 (Alpine 15.2.0) 
2026/05/25 08:51:30 [notice] 1#1: OS: Linux 6.6.114.1-microsoft-standard-WSL2
2026/05/25 08:51:30 [notice] 1#1: getrlimit(RLIMIT_NOFILE): 1024:1048576
2026/05/25 08:51:30 [notice] 1#1: start worker processes
2026/05/25 08:51:30 [notice] 1#1: start worker process 30
2026/05/25 08:51:30 [notice] 1#1: start worker process 31
2026/05/25 15:36:09 [notice] 1#1: signal 3 (SIGQUIT) received, shutting down
2026/05/25 15:36:09 [notice] 31#31: gracefully shutting down
2026/05/25 15:36:09 [notice] 30#30: gracefully shutting down
2026/05/25 15:36:09 [notice] 30#30: exiting
2026/05/25 15:36:09 [notice] 30#30: exit
2026/05/25 15:36:09 [notice] 31#31: exiting
2026/05/25 15:36:09 [notice] 31#31: exit
2026/05/25 15:36:09 [notice] 1#1: signal 17 (SIGCHLD) received from 30
2026/05/25 15:36:09 [notice] 1#1: worker process 30 exited with code 0
2026/05/25 15:36:09 [notice] 1#1: signal 29 (SIGIO) received
2026/05/25 15:36:09 [notice] 1#1: signal 17 (SIGCHLD) received from 31
2026/05/25 15:36:09 [notice] 1#1: worker process 31 exited with code 0
2026/05/25 15:36:09 [notice] 1#1: exit
2026/05/28 04:28:39 [notice] 1#1: using the "epoll" event method
2026/05/28 04:28:39 [notice] 1#1: nginx/1.30.2
2026/05/28 04:28:39 [notice] 1#1: built by gcc 15.2.0 (Alpine 15.2.0) 
2026/05/28 04:28:39 [notice] 1#1: OS: Linux 6.6.114.1-microsoft-standard-WSL2
2026/05/28 04:28:39 [notice] 1#1: getrlimit(RLIMIT_NOFILE): 1024:1048576
2026/05/28 04:28:39 [notice] 1#1: start worker processes
2026/05/28 04:28:39 [notice] 1#1: start worker process 29
2026/05/28 04:28:39 [notice] 1#1: start worker process 30
2026/05/28 05:53:04 [notice] 1#1: signal 3 (SIGQUIT) received, shutting down
2026/05/28 05:53:04 [notice] 30#30: gracefully shutting down
2026/05/28 05:53:04 [notice] 29#29: gracefully shutting down
2026/05/28 05:53:04 [notice] 29#29: exiting
2026/05/28 05:53:04 [notice] 30#30: exiting
2026/05/28 05:53:04 [notice] 29#29: exit
2026/05/28 05:53:04 [notice] 30#30: exit
2026/05/28 05:53:04 [notice] 1#1: signal 17 (SIGCHLD) received from 30
2026/05/28 05:53:04 [notice] 1#1: worker process 30 exited with code 0
2026/05/28 05:53:04 [notice] 1#1: signal 29 (SIGIO) received
2026/05/28 05:53:04 [notice] 1#1: signal 17 (SIGCHLD) received from 29
2026/05/28 05:53:04 [notice] 1#1: worker process 29 exited with code 0
2026/05/28 05:53:04 [notice] 1#1: exit
2026/05/29 00:19:10 [notice] 1#1: using the "epoll" event method
2026/05/29 00:19:10 [notice] 1#1: nginx/1.30.2
2026/05/29 00:19:10 [notice] 1#1: built by gcc 15.2.0 (Alpine 15.2.0) 
2026/05/29 00:19:10 [notice] 1#1: OS: Linux 6.6.114.1-microsoft-standard-WSL2
2026/05/29 00:19:10 [notice] 1#1: getrlimit(RLIMIT_NOFILE): 1024:1048576
2026/05/29 00:19:10 [notice] 1#1: start worker processes
2026/05/29 00:19:10 [notice] 1#1: start worker process 29
2026/05/29 00:19:10 [notice] 1#1: start worker process 30
2026/05/29 15:01:16 [notice] 1#1: signal 3 (SIGQUIT) received, shutting down
2026/05/29 15:01:16 [notice] 30#30: gracefully shutting down
2026/05/29 15:01:16 [notice] 29#29: gracefully shutting down
2026/05/29 15:01:16 [notice] 30#30: exiting
2026/05/29 15:01:16 [notice] 29#29: exiting
2026/05/29 15:01:16 [notice] 29#29: exit
2026/05/29 15:01:16 [notice] 30#30: exit
2026/05/29 15:01:16 [notice] 1#1: signal 17 (SIGCHLD) received from 29
2026/05/29 15:01:16 [notice] 1#1: worker process 29 exited with code 0
2026/05/29 15:01:16 [notice] 1#1: signal 29 (SIGIO) received
2026/05/29 15:01:16 [notice] 1#1: signal 17 (SIGCHLD) received from 30
2026/05/29 15:01:16 [notice] 1#1: worker process 30 exited with code 0
2026/05/29 15:01:16 [notice] 1#1: exit
